2025-07-12 17:10:31, MOVE, v:1, k:subset_sum, mode:DOWN
2025-07-12 17:10:31, MOVE, v:1, k:subset_sum, mode:PICK
2025-07-12 17:10:34, EXEC, v:1, k:subset_sum, mode:FULL, rate:0, size:18
2025-07-12 17:10:34, MOVE, v:1, k:subset_sum, mode:BACK
2025-07-12 18:16:26, MOVE, v:1, k:caminho, mode:PICK
2025-07-12 18:16:27, EXEC, v:1, k:caminho, mode:FULL, rate:0, size:137
2025-07-12 18:17:10, EXEC, v:1, k:caminho, mode:FULL, rate:0, size:233
2025-07-12 18:17:11, EXEC, v:1, k:caminho, mode:FULL, rate:0, size:233
2025-07-12 18:17:56, EXEC, v:1, k:caminho, mode:FULL, rate:0, size:137
2025-07-12 18:17:58, EXEC, v:1, k:caminho, mode:FULL, rate:0
2025-07-12 18:18:15, EXEC, v:1, k:caminho, mode:FULL, rate:100, size:137
2025-07-12 18:18:16, MOVE, v:1, k:caminho, mode:BACK
2025-07-12 18:19:24, MOVE, v:1, k:wordsearch, mode:DOWN
2025-07-12 18:19:25, MOVE, v:1, k:wordsearch, mode:PICK
2025-07-12 18:19:27, EXEC, v:1, k:wordsearch, mode:FULL, rate:12, size:62
2025-07-12 18:19:28, MOVE, v:1, k:wordsearch, mode:BACK
2025-07-12 18:52:46, MOVE, v:1, k:wordsearch, mode:PICK
2025-07-12 18:52:47, EXEC, v:1, k:wordsearch, mode:FULL, rate:12
2025-07-12 18:53:21, MOVE, v:1, k:wordsearch, mode:BACK
2025-07-12 18:53:24, MOVE, v:1, k:distancia, mode:PICK
2025-07-12 18:53:26, EXEC, v:1, k:distancia, mode:FULL, rate:0
2025-07-12 18:53:27, MOVE, v:1, k:distancia, mode:BACK
2025-07-12 18:55:26, MOVE, v:1, k:distancia, mode:PICK
2025-07-12 18:55:27, EXEC, v:1, k:distancia, mode:FULL, rate:0
2025-07-12 19:44:27, MOVE, v:1, k:distancia, mode:BACK
